<?xml version="1.0" encoding="UTF-8"?>
<!-- Generated by org.testng.reporters.JUnitReportReporter -->
<testsuite hostname="LAPTOP-Q4M4KU15" failures="0" tests="1" name="MenuTest" time="9.539" errors="0" timestamp="2021-06-03T17:46:43 IST" skipped="0">
  <testcase classname="MenuTest" name="mouseHoverTest" time="9.539"/>
  <system-out/>
</testsuite> <!-- MenuTest -->
